2023-08-06 01:24:55.591401 - Initialized conversion of CBT150
2023-08-06 01:24:55.729452 - Received CBT.V505.FILE150.PDS from FILE150.XMI 
2023-08-06 01:24:55.731918 - Found $$$#DATE.txt (text/plain) in CBT.V505.FILE150.PDS, moved to PDS/$$$#DATE
2023-08-06 01:24:55.733033 - Found $$INDEX.txt (text/plain) in CBT.V505.FILE150.PDS, moved to PDS/$$INDEX
2023-08-06 01:24:55.733955 - Found $INSTALL.txt (text/plain) in CBT.V505.FILE150.PDS, moved to PDS/$INSTALL
2023-08-06 01:24:55.734939 - Found $MRMCBT.jcl (text/plain) in CBT.V505.FILE150.PDS, moved to PDS/$MRMCBT
2023-08-06 01:24:55.735884 - Found $NOTES.txt (text/plain) in CBT.V505.FILE150.PDS, moved to PDS/$NOTES
2023-08-06 01:24:55.736859 - Found $OVRVIEW.txt (text/plain) in CBT.V505.FILE150.PDS, moved to PDS/$OVRVIEW
2023-08-06 01:24:55.737849 - Found $SAMPLE.txt (text/plain) in CBT.V505.FILE150.PDS, moved to PDS/$SAMPLE
2023-08-06 01:24:55.738802 - Found @FILE150.txt (text/plain) in CBT.V505.FILE150.PDS, moved to PDS/@FILE150
2023-08-06 01:24:55.739705 - Found CMT.txt (text/plain) in CBT.V505.FILE150.PDS, moved to PDS/CMT
2023-08-06 01:24:55.740619 - Found MMTV01.txt (text/plain) in CBT.V505.FILE150.PDS, moved to PDS/MMTV01
2023-08-06 01:24:55.741629 - Found NICKNAME.txt (text/plain) in CBT.V505.FILE150.PDS, moved to PDS/NICKNAME
2023-08-06 01:24:55.742625 - Found PMT.txt (text/plain) in CBT.V505.FILE150.PDS, moved to PDS/PMT
2023-08-06 01:24:55.743541 - Found PMTDESTT.txt (text/plain) in CBT.V505.FILE150.PDS, moved to PDS/PMTDESTT
2023-08-06 01:24:55.744390 - Found PMTDSNT.txt (text/plain) in CBT.V505.FILE150.PDS, moved to PDS/PMTDSNT
2023-08-06 01:24:55.745344 - Found PMTLOGT.txt (text/plain) in CBT.V505.FILE150.PDS, moved to PDS/PMTLOGT
2023-08-06 01:24:55.746326 - Found PMTMAINT.txt (text/plain) in CBT.V505.FILE150.PDS, moved to PDS/PMTMAINT
2023-08-06 01:24:55.747177 - Found PMTOPTT.txt (text/plain) in CBT.V505.FILE150.PDS, moved to PDS/PMTOPTT
2023-08-06 01:24:55.748217 - Found PMTOVERT.txt (text/plain) in CBT.V505.FILE150.PDS, moved to PDS/PMTOVERT
2023-08-06 01:24:55.749344 - Found PMTRECVT.txt (text/plain) in CBT.V505.FILE150.PDS, moved to PDS/PMTRECVT
2023-08-06 01:24:55.750299 - Found PMTREC2T.txt (text/plain) in CBT.V505.FILE150.PDS, moved to PDS/PMTREC2T
2023-08-06 01:24:55.751215 - Found PMTREC3T.txt (text/plain) in CBT.V505.FILE150.PDS, moved to PDS/PMTREC3T
2023-08-06 01:24:55.752087 - Found PMTREC4T.txt (text/plain) in CBT.V505.FILE150.PDS, moved to PDS/PMTREC4T
2023-08-06 01:24:55.752889 - Found TSOHELP.txt (text/plain) in CBT.V505.FILE150.PDS, moved to PDS/TSOHELP
